# Logfile created on 2014-03-11 14:48:55 +0100 by logger.rb/31641
I, [2014-03-11T14:48:55.511655 #30778]  INFO -- : 0:  rake (10.1.1) from /Users/ryanlevick/.rbenv/versions/1.9.3-p385/lib/ruby/gems/1.9.1/specifications/rake-10.1.1.gemspec
I, [2014-03-11T14:48:55.512455 #30778]  INFO -- : 0:  i18n (0.6.9) from /Users/ryanlevick/.rbenv/versions/1.9.3-p385/lib/ruby/gems/1.9.1/specifications/i18n-0.6.9.gemspec
I, [2014-03-11T14:48:55.513137 #30778]  INFO -- : 0:  multi_json (1.9.0) from /Users/ryanlevick/.rbenv/versions/1.9.3-p385/lib/ruby/gems/1.9.1/specifications/multi_json-1.9.0.gemspec
I, [2014-03-11T14:48:57.734092 #30778]  INFO -- : 0:  activesupport (3.2.17) from /Users/ryanlevick/.rbenv/versions/1.9.3-p385/lib/ruby/gems/1.9.1/specifications/activesupport-3.2.17.gemspec
I, [2014-03-11T14:48:57.734649 #30778]  INFO -- : 0:  builder (3.0.4) from /Users/ryanlevick/.rbenv/versions/1.9.3-p385/lib/ruby/gems/1.9.1/specifications/builder-3.0.4.gemspec
I, [2014-03-11T14:48:59.627458 #30778]  INFO -- : 0:  activemodel (3.2.17) from /Users/ryanlevick/.rbenv/versions/1.9.3-p385/lib/ruby/gems/1.9.1/specifications/activemodel-3.2.17.gemspec
I, [2014-03-11T14:48:59.628237 #30778]  INFO -- : 0:  erubis (2.7.0) from /Users/ryanlevick/.rbenv/versions/1.9.3-p385/lib/ruby/gems/1.9.1/specifications/erubis-2.7.0.gemspec
I, [2014-03-11T14:48:59.628729 #30778]  INFO -- : 0:  journey (1.0.4) from /Users/ryanlevick/.rbenv/versions/1.9.3-p385/lib/ruby/gems/1.9.1/specifications/journey-1.0.4.gemspec
I, [2014-03-11T14:48:59.629323 #30778]  INFO -- : 0:  rack (1.4.5) from /Users/ryanlevick/.rbenv/versions/1.9.3-p385/lib/ruby/gems/1.9.1/specifications/rack-1.4.5.gemspec
I, [2014-03-11T14:48:59.630046 #30778]  INFO -- : 0:  rack-cache (1.2) from /Users/ryanlevick/.rbenv/versions/1.9.3-p385/lib/ruby/gems/1.9.1/specifications/rack-cache-1.2.gemspec
I, [2014-03-11T14:48:59.630637 #30778]  INFO -- : 0:  rack-test (0.6.2) from /Users/ryanlevick/.rbenv/versions/1.9.3-p385/lib/ruby/gems/1.9.1/specifications/rack-test-0.6.2.gemspec
I, [2014-03-11T14:48:59.631292 #30778]  INFO -- : 0:  hike (1.2.3) from /Users/ryanlevick/.rbenv/versions/1.9.3-p385/lib/ruby/gems/1.9.1/specifications/hike-1.2.3.gemspec
I, [2014-03-11T14:48:59.631972 #30778]  INFO -- : 0:  tilt (1.4.1) from /Users/ryanlevick/.rbenv/versions/1.9.3-p385/lib/ruby/gems/1.9.1/specifications/tilt-1.4.1.gemspec
I, [2014-03-11T14:48:59.632640 #30778]  INFO -- : 0:  sprockets (2.2.2) from /Users/ryanlevick/.rbenv/versions/1.9.3-p385/lib/ruby/gems/1.9.1/specifications/sprockets-2.2.2.gemspec
I, [2014-03-11T14:49:01.473503 #30778]  INFO -- : 0:  actionpack (3.2.17) from /Users/ryanlevick/.rbenv/versions/1.9.3-p385/lib/ruby/gems/1.9.1/specifications/actionpack-3.2.17.gemspec
I, [2014-03-11T14:49:01.474060 #30778]  INFO -- : 0:  diff-lcs (1.2.5) from /Users/ryanlevick/.rbenv/versions/1.9.3-p385/lib/ruby/gems/1.9.1/specifications/diff-lcs-1.2.5.gemspec
I, [2014-03-11T14:49:01.474420 #30778]  INFO -- : 0:  json (1.8.1) from /Users/ryanlevick/.rbenv/versions/1.9.3-p385/lib/ruby/gems/1.9.1/specifications/json-1.8.1.gemspec
I, [2014-03-11T14:49:01.474753 #30778]  INFO -- : 0:  rack-ssl (1.3.3) from /Users/ryanlevick/.rbenv/versions/1.9.3-p385/lib/ruby/gems/1.9.1/specifications/rack-ssl-1.3.3.gemspec
I, [2014-03-11T14:49:01.475088 #30778]  INFO -- : 0:  rdoc (3.12.2) from /Users/ryanlevick/.rbenv/versions/1.9.3-p385/lib/ruby/gems/1.9.1/specifications/rdoc-3.12.2.gemspec
I, [2014-03-11T14:49:01.475418 #30778]  INFO -- : 0:  thor (0.18.1) from /Users/ryanlevick/.rbenv/versions/1.9.3-p385/lib/ruby/gems/1.9.1/specifications/thor-0.18.1.gemspec
I, [2014-03-11T14:49:03.970720 #30778]  INFO -- : 0:  railties (3.2.17) from /Users/ryanlevick/.rbenv/versions/1.9.3-p385/lib/ruby/gems/1.9.1/specifications/railties-3.2.17.gemspec
I, [2014-03-11T14:49:05.795065 #30778]  INFO -- : 0:  rspec-core (2.14.8) from /Users/ryanlevick/.rbenv/versions/1.9.3-p385/lib/ruby/gems/1.9.1/specifications/rspec-core-2.14.8.gemspec
I, [2014-03-11T14:49:05.795698 #30778]  INFO -- : 0:  rspec-expectations (2.14.5) from /Users/ryanlevick/.rbenv/versions/1.9.3-p385/lib/ruby/gems/1.9.1/specifications/rspec-expectations-2.14.5.gemspec
I, [2014-03-11T14:49:05.796160 #30778]  INFO -- : 0:  rspec-mocks (2.14.6) from /Users/ryanlevick/.rbenv/versions/1.9.3-p385/lib/ruby/gems/1.9.1/specifications/rspec-mocks-2.14.6.gemspec
I, [2014-03-11T14:49:05.796544 #30778]  INFO -- : 0:  rspec (2.14.1) from /Users/ryanlevick/.rbenv/versions/1.9.3-p385/lib/ruby/gems/1.9.1/specifications/rspec-2.14.1.gemspec
I, [2014-03-11T14:49:05.796917 #30778]  INFO -- : 0:  strong_parameters (0.2.3) from /Users/ryanlevick/.rbenv/versions/1.9.3-p385/lib/ruby/gems/1.9.1/specifications/strong_parameters-0.2.3.gemspec
I, [2014-03-11T14:49:05.813289 #30778]  INFO -- : 0:  stark parameters (0.0.1) from /Users/ryanlevick/Sites/personal/stark-parameters/stark_parameters.gemspec
I, [2014-03-11T14:49:05.813731 #30778]  INFO -- : 0:  bundler (1.5.1) from /Users/ryanlevick/.rbenv/versions/1.9.3-p385/lib/ruby/gems/1.9.1/specifications/bundler-1.5.1.gemspec
